# JRE version: 7.0_25-b17
# Java VM: Java HotSpot(TM) Client VM (23.25-b01 mixed mode, sharing windows-x86 )
Heap
 def new generation   total 4928K, used 617K [0x24550000, 0x24aa0000, 0x29aa0000)
  eden space 4416K,   8% used [0x24550000, 0x245b2eb8, 0x249a0000)
  from space 512K,  43% used [0x249a0000, 0x249d7650, 0x24a20000)
  to   space 512K,   0% used [0x24a20000, 0x24a20000, 0x24aa0000)
 tenured generation   total 10944K, used 4987K [0x29aa0000, 0x2a550000, 0x34550000)
   the space 10944K,  45% used [0x29aa0000, 0x29f7ec58, 0x29f7ee00, 0x2a550000)
 compacting perm gen  total 12288K, used 2687K [0x34550000, 0x35150000, 0x38550000)
   the space 12288K,  21% used [0x34550000, 0x347efc60, 0x347efe00, 0x35150000)
    ro space 10240K,  45% used [0x38550000, 0x389d9b28, 0x389d9c00, 0x38f50000)
    rw space 12288K,  54% used [0x38f50000, 0x395dd0e8, 0x395dd200, 0x39b50000)
GC Heap History (8 events):
Event: 0.303 GC heap before
{Heap before GC invocations=0 (full 0):
 def new generation   total 4928K, used 4368K [0x24550000, 0x24aa0000, 0x29aa0000)
  eden space 4416K,  98% used [0x24550000, 0x24994300, 0x249a0000)
  from space 512K,   0% used [0x249a0000, 0x249a0000, 0x24a20000)
  to   space 512K,   0% used [0x24a20000, 0x24a20000, 0x24aa0000)
 tenured generation   total 10944K, used 0K [0x29aa0000, 0x2a550000, 0x34550000)
   the space 10944K,   0% used [0x29aa0000, 0x29aa0000, 0x29aa0200, 0x2a550000)
 compacting perm gen  total 12288K, used 1190K [0x34550000, 0x35150000, 0x38550000)
   the space 12288K,   9% used [0x34550000, 0x34679998, 0x34679a00, 0x35150000)
    ro space 10240K,  45% used [0x38550000, 0x389d9b28, 0x389d9c00, 0x38f50000)
    rw space 12288K,  54% used [0x38f50000, 0x395dd0e8, 0x395dd200, 0x39b50000)
Event: 0.310 GC heap after
Heap after GC invocations=1 (full 0):
 def new generation   total 4928K, used 512K [0x24550000, 0x24aa0000, 0x29aa0000)
  eden space 4416K,   0% used [0x24550000, 0x24550000, 0x249a0000)
  from space 512K, 100% used [0x24a20000, 0x24aa0000, 0x24aa0000)
  to   space 512K,   0% used [0x249a0000, 0x249a0000, 0x24a20000)
 tenured generation   total 10944K, used 1411K [0x29aa0000, 0x2a550000, 0x34550000)
   the space 10944K,  12% used [0x29aa0000, 0x29c00c40, 0x29c00e00, 0x2a550000)
 compacting perm gen  total 12288K, used 1190K [0x34550000, 0x35150000, 0x38550000)
   the space 12288K,   9% used [0x34550000, 0x34679998, 0x34679a00, 0x35150000)
    ro space 10240K,  45% used [0x38550000, 0x389d9b28, 0x389d9c00, 0x38f50000)
    rw space 12288K,  54% used [0x38f50000, 0x395dd0e8, 0x395dd200, 0x39b50000)
}
Event: 0.576 GC heap before
{Heap before GC invocations=1 (full 0):
 def new generation   total 4928K, used 4928K [0x24550000, 0x24aa0000, 0x29aa0000)
  eden space 4416K, 100% used [0x24550000, 0x249a0000, 0x249a0000)
  from space 512K, 100% used [0x24a20000, 0x24aa0000, 0x24aa0000)
  to   space 512K,   0% used [0x249a0000, 0x249a0000, 0x24a20000)
 tenured generation   total 10944K, used 1411K [0x29aa0000, 0x2a550000, 0x34550000)
   the space 10944K,  12% used [0x29aa0000, 0x29c00c40, 0x29c00e00, 0x2a550000)
 compacting perm gen  total 12288K, used 2096K [0x34550000, 0x35150000, 0x38550000)
   the space 12288K,  17% used [0x34550000, 0x3475c3e0, 0x3475c400, 0x35150000)
    ro space 10240K,  45% used [0x38550000, 0x389d9b28, 0x389d9c00, 0x38f50000)
    rw space 12288K,  54% used [0x38f50000, 0x395dd0e8, 0x395dd200, 0x39b50000)
Event: 0.580 GC heap after
Heap after GC invocations=2 (full 0):
 def new generation   total 4928K, used 512K [0x24550000, 0x24aa0000, 0x29aa0000)
  eden space 4416K,   0% used [0x24550000, 0x24550000, 0x249a0000)
  from space 512K, 100% used [0x249a0000, 0x24a20000, 0x24a20000)
  to   space 512K,   0% used [0x24a20000, 0x24a20000, 0x24aa0000)
 tenured generation   total 10944K, used 2034K [0x29aa0000, 0x2a550000, 0x34550000)
   the space 10944K,  18% used [0x29aa0000, 0x29c9cb50, 0x29c9cc00, 0x2a550000)
 compacting perm gen  total 12288K, used 2096K [0x34550000, 0x35150000, 0x38550000)
   the space 12288K,  17% used [0x34550000, 0x3475c3e0, 0x3475c400, 0x35150000)
    ro space 10240K,  45% used [0x38550000, 0x389d9b28, 0x389d9c00, 0x38f50000)
    rw space 12288K,  54% used [0x38f50000, 0x395dd0e8, 0x395dd200, 0x39b50000)
}
Event: 1.315 GC heap before
{Heap before GC invocations=2 (full 0):
 def new generation   total 4928K, used 4928K [0x24550000, 0x24aa0000, 0x29aa0000)
  eden space 4416K, 100% used [0x24550000, 0x249a0000, 0x249a0000)
  from space 512K, 100% used [0x249a0000, 0x24a20000, 0x24a20000)
  to   space 512K,   0% used [0x24a20000, 0x24a20000, 0x24aa0000)
 tenured generation   total 10944K, used 2034K [0x29aa0000, 0x2a550000, 0x34550000)
   the space 10944K,  18% used [0x29aa0000, 0x29c9cb50, 0x29c9cc00, 0x2a550000)
 compacting perm gen  total 12288K, used 2502K [0x34550000, 0x35150000, 0x38550000)
   the space 12288K,  20% used [0x34550000, 0x347c1a98, 0x347c1c00, 0x35150000)
    ro space 10240K,  45% used [0x38550000, 0x389d9b28, 0x389d9c00, 0x38f50000)
    rw space 12288K,  54% used [0x38f50000, 0x395dd0e8, 0x395dd200, 0x39b50000)
Event: 1.317 GC heap after
Heap after GC invocations=3 (full 0):
 def new generation   total 4928K, used 347K [0x24550000, 0x24aa0000, 0x29aa0000)
  eden space 4416K,   0% used [0x24550000, 0x24550000, 0x249a0000)
  from space 512K,  67% used [0x24a20000, 0x24a76c50, 0x24aa0000)
  to   space 512K,   0% used [0x249a0000, 0x249a0000, 0x24a20000)
 tenured generation   total 10944K, used 2151K [0x29aa0000, 0x2a550000, 0x34550000)
   the space 10944K,  19% used [0x29aa0000, 0x29cb9cf0, 0x29cb9e00, 0x2a550000)
 compacting perm gen  total 12288K, used 2502K [0x34550000, 0x35150000, 0x38550000)
   the space 12288K,  20% used [0x34550000, 0x347c1a98, 0x347c1c00, 0x35150000)
    ro space 10240K,  45% used [0x38550000, 0x389d9b28, 0x389d9c00, 0x38f50000)
    rw space 12288K,  54% used [0x38f50000, 0x395dd0e8, 0x395dd200, 0x39b50000)
}
Event: 3.734 GC heap before
{Heap before GC invocations=3 (full 0):
 def new generation   total 4928K, used 4246K [0x24550000, 0x24aa0000, 0x29aa0000)
  eden space 4416K,  88% used [0x24550000, 0x2491ed88, 0x249a0000)
  from space 512K,  67% used [0x24a20000, 0x24a76c50, 0x24aa0000)
  to   space 512K,   0% used [0x249a0000, 0x249a0000, 0x24a20000)
 tenured generation   total 10944K, used 3151K [0x29aa0000, 0x2a550000, 0x34550000)
   the space 10944K,  28% used [0x29aa0000, 0x29db3d00, 0x29db3e00, 0x2a550000)
 compacting perm gen  total 12288K, used 2685K [0x34550000, 0x35150000, 0x38550000)
   the space 12288K,  21% used [0x34550000, 0x347ef768, 0x347ef800, 0x35150000)
    ro space 10240K,  45% used [0x38550000, 0x389d9b28, 0x389d9c00, 0x38f50000)
    rw space 12288K,  54% used [0x38f50000, 0x395dd0e8, 0x395dd200, 0x39b50000)
Event: 3.737 GC heap after
Heap after GC invocations=4 (full 0):
 def new generation   total 4928K, used 221K [0x24550000, 0x24aa0000, 0x29aa0000)
  eden space 4416K,   0% used [0x24550000, 0x24550000, 0x249a0000)
  from space 512K,  43% used [0x249a0000, 0x249d7650, 0x24a20000)
  to   space 512K,   0% used [0x24a20000, 0x24a20000, 0x24aa0000)
 tenured generation   total 10944K, used 4987K [0x29aa0000, 0x2a550000, 0x34550000)
   the space 10944K,  45% used [0x29aa0000, 0x29f7ec58, 0x29f7ee00, 0x2a550000)
 compacting perm gen  total 12288K, used 2685K [0x34550000, 0x35150000, 0x38550000)
   the space 12288K,  21% used [0x34550000, 0x347ef768, 0x347ef800, 0x35150000)
    ro space 10240K,  45% used [0x38550000, 0x389d9b28, 0x389d9c00, 0x38f50000)
    rw space 12288K,  54% used [0x38f50000, 0x395dd0e8, 0x395dd200, 0x39b50000)
}

