# JRE version: 7.0_25-b17
# Java VM: Java HotSpot(TM) Client VM (23.25-b01 mixed mode, sharing windows-x86 )
Heap
 def new generation   total 4928K, used 675K [0x24550000, 0x24aa0000, 0x29aa0000)
  eden space 4416K,   9% used [0x24550000, 0x245b4098, 0x249a0000)
  from space 512K,  53% used [0x249a0000, 0x249e4c08, 0x24a20000)
  to   space 512K,   0% used [0x24a20000, 0x24a20000, 0x24aa0000)
 tenured generation   total 10944K, used 4985K [0x29aa0000, 0x2a550000, 0x34550000)
   the space 10944K,  45% used [0x29aa0000, 0x29f7e7d0, 0x29f7e800, 0x2a550000)
 compacting perm gen  total 12288K, used 2688K [0x34550000, 0x35150000, 0x38550000)
   the space 12288K,  21% used [0x34550000, 0x347f0010, 0x347f0200, 0x35150000)
    ro space 10240K,  45% used [0x38550000, 0x389d9b28, 0x389d9c00, 0x38f50000)
    rw space 12288K,  54% used [0x38f50000, 0x395dd0e8, 0x395dd200, 0x39b50000)
GC Heap History (8 events):
Event: 0.259 GC heap before
{Heap before GC invocations=0 (full 0):
 def new generation   total 4928K, used 4374K [0x24550000, 0x24aa0000, 0x29aa0000)
  eden space 4416K,  99% used [0x24550000, 0x24995bb0, 0x249a0000)
  from space 512K,   0% used [0x249a0000, 0x249a0000, 0x24a20000)
  to   space 512K,   0% used [0x24a20000, 0x24a20000, 0x24aa0000)
 tenured generation   total 10944K, used 0K [0x29aa0000, 0x2a550000, 0x34550000)
   the space 10944K,   0% used [0x29aa0000, 0x29aa0000, 0x29aa0200, 0x2a550000)
 compacting perm gen  total 12288K, used 1190K [0x34550000, 0x35150000, 0x38550000)
   the space 12288K,   9% used [0x34550000, 0x34679950, 0x34679a00, 0x35150000)
    ro space 10240K,  45% used [0x38550000, 0x389d9b28, 0x389d9c00, 0x38f50000)
    rw space 12288K,  54% used [0x38f50000, 0x395dd0e8, 0x395dd200, 0x39b50000)
Event: 0.265 GC heap after
Heap after GC invocations=1 (full 0):
 def new generation   total 4928K, used 512K [0x24550000, 0x24aa0000, 0x29aa0000)
  eden space 4416K,   0% used [0x24550000, 0x24550000, 0x249a0000)
  from space 512K, 100% used [0x24a20000, 0x24aa0000, 0x24aa0000)
  to   space 512K,   0% used [0x249a0000, 0x249a0000, 0x24a20000)
 tenured generation   total 10944K, used 1411K [0x29aa0000, 0x2a550000, 0x34550000)
   the space 10944K,  12% used [0x29aa0000, 0x29c00c68, 0x29c00e00, 0x2a550000)
 compacting perm gen  total 12288K, used 1190K [0x34550000, 0x35150000, 0x38550000)
   the space 12288K,   9% used [0x34550000, 0x34679950, 0x34679a00, 0x35150000)
    ro space 10240K,  45% used [0x38550000, 0x389d9b28, 0x389d9c00, 0x38f50000)
    rw space 12288K,  54% used [0x38f50000, 0x395dd0e8, 0x395dd200, 0x39b50000)
}
Event: 0.501 GC heap before
{Heap before GC invocations=1 (full 0):
 def new generation   total 4928K, used 4928K [0x24550000, 0x24aa0000, 0x29aa0000)
  eden space 4416K, 100% used [0x24550000, 0x249a0000, 0x249a0000)
  from space 512K, 100% used [0x24a20000, 0x24aa0000, 0x24aa0000)
  to   space 512K,   0% used [0x249a0000, 0x249a0000, 0x24a20000)
 tenured generation   total 10944K, used 1411K [0x29aa0000, 0x2a550000, 0x34550000)
   the space 10944K,  12% used [0x29aa0000, 0x29c00c68, 0x29c00e00, 0x2a550000)
 compacting perm gen  total 12288K, used 2096K [0x34550000, 0x35150000, 0x38550000)
   the space 12288K,  17% used [0x34550000, 0x3475c388, 0x3475c400, 0x35150000)
    ro space 10240K,  45% used [0x38550000, 0x389d9b28, 0x389d9c00, 0x38f50000)
    rw space 12288K,  54% used [0x38f50000, 0x395dd0e8, 0x395dd200, 0x39b50000)
Event: 0.505 GC heap after
Heap after GC invocations=2 (full 0):
 def new generation   total 4928K, used 511K [0x24550000, 0x24aa0000, 0x29aa0000)
  eden space 4416K,   0% used [0x24550000, 0x24550000, 0x249a0000)
  from space 512K,  99% used [0x249a0000, 0x24a1fff8, 0x24a20000)
  to   space 512K,   0% used [0x24a20000, 0x24a20000, 0x24aa0000)
 tenured generation   total 10944K, used 2034K [0x29aa0000, 0x2a550000, 0x34550000)
   the space 10944K,  18% used [0x29aa0000, 0x29c9c9c8, 0x29c9ca00, 0x2a550000)
 compacting perm gen  total 12288K, used 2096K [0x34550000, 0x35150000, 0x38550000)
   the space 12288K,  17% used [0x34550000, 0x3475c388, 0x3475c400, 0x35150000)
    ro space 10240K,  45% used [0x38550000, 0x389d9b28, 0x389d9c00, 0x38f50000)
    rw space 12288K,  54% used [0x38f50000, 0x395dd0e8, 0x395dd200, 0x39b50000)
}
Event: 1.540 GC heap before
{Heap before GC invocations=2 (full 0):
 def new generation   total 4928K, used 4927K [0x24550000, 0x24aa0000, 0x29aa0000)
  eden space 4416K, 100% used [0x24550000, 0x249a0000, 0x249a0000)
  from space 512K,  99% used [0x249a0000, 0x24a1fff8, 0x24a20000)
  to   space 512K,   0% used [0x24a20000, 0x24a20000, 0x24aa0000)
 tenured generation   total 10944K, used 2034K [0x29aa0000, 0x2a550000, 0x34550000)
   the space 10944K,  18% used [0x29aa0000, 0x29c9c9c8, 0x29c9ca00, 0x2a550000)
 compacting perm gen  total 12288K, used 2502K [0x34550000, 0x35150000, 0x38550000)
   the space 12288K,  20% used [0x34550000, 0x347c1a40, 0x347c1c00, 0x35150000)
    ro space 10240K,  45% used [0x38550000, 0x389d9b28, 0x389d9c00, 0x38f50000)
    rw space 12288K,  54% used [0x38f50000, 0x395dd0e8, 0x395dd200, 0x39b50000)
Event: 1.542 GC heap after
Heap after GC invocations=3 (full 0):
 def new generation   total 4928K, used 346K [0x24550000, 0x24aa0000, 0x29aa0000)
  eden space 4416K,   0% used [0x24550000, 0x24550000, 0x249a0000)
  from space 512K,  67% used [0x24a20000, 0x24a76b80, 0x24aa0000)
  to   space 512K,   0% used [0x249a0000, 0x249a0000, 0x24a20000)
 tenured generation   total 10944K, used 2150K [0x29aa0000, 0x2a550000, 0x34550000)
   the space 10944K,  19% used [0x29aa0000, 0x29cb9b68, 0x29cb9c00, 0x2a550000)
 compacting perm gen  total 12288K, used 2502K [0x34550000, 0x35150000, 0x38550000)
   the space 12288K,  20% used [0x34550000, 0x347c1a40, 0x347c1c00, 0x35150000)
    ro space 10240K,  45% used [0x38550000, 0x389d9b28, 0x389d9c00, 0x38f50000)
    rw space 12288K,  54% used [0x38f50000, 0x395dd0e8, 0x395dd200, 0x39b50000)
}
Event: 4.910 GC heap before
{Heap before GC invocations=3 (full 0):
 def new generation   total 4928K, used 4412K [0x24550000, 0x24aa0000, 0x29aa0000)
  eden space 4416K,  92% used [0x24550000, 0x24948578, 0x249a0000)
  from space 512K,  67% used [0x24a20000, 0x24a76b80, 0x24aa0000)
  to   space 512K,   0% used [0x249a0000, 0x249a0000, 0x24a20000)
 tenured generation   total 10944K, used 3150K [0x29aa0000, 0x2a550000, 0x34550000)
   the space 10944K,  28% used [0x29aa0000, 0x29db3b78, 0x29db3c00, 0x2a550000)
 compacting perm gen  total 12288K, used 2685K [0x34550000, 0x35150000, 0x38550000)
   the space 12288K,  21% used [0x34550000, 0x347ef688, 0x347ef800, 0x35150000)
    ro space 10240K,  45% used [0x38550000, 0x389d9b28, 0x389d9c00, 0x38f50000)
    rw space 12288K,  54% used [0x38f50000, 0x395dd0e8, 0x395dd200, 0x39b50000)
Event: 4.913 GC heap after
Heap after GC invocations=4 (full 0):
 def new generation   total 4928K, used 275K [0x24550000, 0x24aa0000, 0x29aa0000)
  eden space 4416K,   0% used [0x24550000, 0x24550000, 0x249a0000)
  from space 512K,  53% used [0x249a0000, 0x249e4c08, 0x24a20000)
  to   space 512K,   0% used [0x24a20000, 0x24a20000, 0x24aa0000)
 tenured generation   total 10944K, used 4985K [0x29aa0000, 0x2a550000, 0x34550000)
   the space 10944K,  45% used [0x29aa0000, 0x29f7e7d0, 0x29f7e800, 0x2a550000)
 compacting perm gen  total 12288K, used 2685K [0x34550000, 0x35150000, 0x38550000)
   the space 12288K,  21% used [0x34550000, 0x347ef688, 0x347ef800, 0x35150000)
    ro space 10240K,  45% used [0x38550000, 0x389d9b28, 0x389d9c00, 0x38f50000)
    rw space 12288K,  54% used [0x38f50000, 0x395dd0e8, 0x395dd200, 0x39b50000)
}

