# JRE version: 7.0_25-b17
# Java VM: Java HotSpot(TM) Client VM (23.25-b01 mixed mode, sharing windows-x86 )
Heap
 def new generation   total 4928K, used 4168K [0x24550000, 0x24aa0000, 0x29aa0000)
  eden space 4416K,  82% used [0x24550000, 0x248e2298, 0x249a0000)
  from space 512K,  99% used [0x249a0000, 0x24a1fed0, 0x24a20000)
  to   space 512K,   0% used [0x24a20000, 0x24a20000, 0x24aa0000)
 tenured generation   total 10944K, used 857K [0x29aa0000, 0x2a550000, 0x34550000)
   the space 10944K,   7% used [0x29aa0000, 0x29b76790, 0x29b76800, 0x2a550000)
 compacting perm gen  total 12288K, used 2277K [0x34550000, 0x35150000, 0x38550000)
   the space 12288K,  18% used [0x34550000, 0x34789740, 0x34789800, 0x35150000)
    ro space 10240K,  45% used [0x38550000, 0x389d9b28, 0x389d9c00, 0x38f50000)
    rw space 12288K,  54% used [0x38f50000, 0x395dd0e8, 0x395dd200, 0x39b50000)
GC Heap History (4 events):
Event: 0.654 GC heap before
{Heap before GC invocations=0 (full 0):
 def new generation   total 4928K, used 4416K [0x24550000, 0x24aa0000, 0x29aa0000)
  eden space 4416K, 100% used [0x24550000, 0x249a0000, 0x249a0000)
  from space 512K,   0% used [0x249a0000, 0x249a0000, 0x24a20000)
  to   space 512K,   0% used [0x24a20000, 0x24a20000, 0x24aa0000)
 tenured generation   total 10944K, used 0K [0x29aa0000, 0x2a550000, 0x34550000)
   the space 10944K,   0% used [0x29aa0000, 0x29aa0000, 0x29aa0200, 0x2a550000)
 compacting perm gen  total 12288K, used 954K [0x34550000, 0x35150000, 0x38550000)
   the space 12288K,   7% used [0x34550000, 0x3463e9d8, 0x3463ea00, 0x35150000)
    ro space 10240K,  45% used [0x38550000, 0x389d9b28, 0x389d9c00, 0x38f50000)
    rw space 12288K,  54% used [0x38f50000, 0x395dd0e8, 0x395dd200, 0x39b50000)
Event: 0.657 GC heap after
Heap after GC invocations=1 (full 0):
 def new generation   total 4928K, used 512K [0x24550000, 0x24aa0000, 0x29aa0000)
  eden space 4416K,   0% used [0x24550000, 0x24550000, 0x249a0000)
  from space 512K, 100% used [0x24a20000, 0x24aa0000, 0x24aa0000)
  to   space 512K,   0% used [0x249a0000, 0x249a0000, 0x24a20000)
 tenured generation   total 10944K, used 403K [0x29aa0000, 0x2a550000, 0x34550000)
   the space 10944K,   3% used [0x29aa0000, 0x29b04e58, 0x29b05000, 0x2a550000)
 compacting perm gen  total 12288K, used 954K [0x34550000, 0x35150000, 0x38550000)
   the space 12288K,   7% used [0x34550000, 0x3463e9d8, 0x3463ea00, 0x35150000)
    ro space 10240K,  45% used [0x38550000, 0x389d9b28, 0x389d9c00, 0x38f50000)
    rw space 12288K,  54% used [0x38f50000, 0x395dd0e8, 0x395dd200, 0x39b50000)
}
Event: 1.013 GC heap before
{Heap before GC invocations=1 (full 0):
 def new generation   total 4928K, used 4928K [0x24550000, 0x24aa0000, 0x29aa0000)
  eden space 4416K, 100% used [0x24550000, 0x249a0000, 0x249a0000)
  from space 512K, 100% used [0x24a20000, 0x24aa0000, 0x24aa0000)
  to   space 512K,   0% used [0x249a0000, 0x249a0000, 0x24a20000)
 tenured generation   total 10944K, used 403K [0x29aa0000, 0x2a550000, 0x34550000)
   the space 10944K,   3% used [0x29aa0000, 0x29b04e58, 0x29b05000, 0x2a550000)
 compacting perm gen  total 12288K, used 1620K [0x34550000, 0x35150000, 0x38550000)
   the space 12288K,  13% used [0x34550000, 0x346e5000, 0x346e5000, 0x35150000)
    ro space 10240K,  45% used [0x38550000, 0x389d9b28, 0x389d9c00, 0x38f50000)
    rw space 12288K,  54% used [0x38f50000, 0x395dd0e8, 0x395dd200, 0x39b50000)
Event: 1.015 GC heap after
Heap after GC invocations=2 (full 0):
 def new generation   total 4928K, used 511K [0x24550000, 0x24aa0000, 0x29aa0000)
  eden space 4416K,   0% used [0x24550000, 0x24550000, 0x249a0000)
  from space 512K,  99% used [0x249a0000, 0x24a1fed0, 0x24a20000)
  to   space 512K,   0% used [0x24a20000, 0x24a20000, 0x24aa0000)
 tenured generation   total 10944K, used 857K [0x29aa0000, 0x2a550000, 0x34550000)
   the space 10944K,   7% used [0x29aa0000, 0x29b76790, 0x29b76800, 0x2a550000)
 compacting perm gen  total 12288K, used 1620K [0x34550000, 0x35150000, 0x38550000)
   the space 12288K,  13% used [0x34550000, 0x346e5000, 0x346e5000, 0x35150000)
    ro space 10240K,  45% used [0x38550000, 0x389d9b28, 0x389d9c00, 0x38f50000)
    rw space 12288K,  54% used [0x38f50000, 0x395dd0e8, 0x395dd200, 0x39b50000)
}

