# JRE version: 7.0_25-b17
# Java VM: Java HotSpot(TM) Client VM (23.25-b01 mixed mode, sharing windows-x86 )
Heap
 def new generation   total 4928K, used 1042K [0x24550000, 0x24aa0000, 0x29aa0000)
  eden space 4416K,  12% used [0x24550000, 0x245d4888, 0x249a0000)
  from space 512K, 100% used [0x249a0000, 0x24a20000, 0x24a20000)
  to   space 512K,   0% used [0x24a20000, 0x24a20000, 0x24aa0000)
 tenured generation   total 10944K, used 3753K [0x29aa0000, 0x2a550000, 0x34550000)
   the space 10944K,  34% used [0x29aa0000, 0x29e4a7e8, 0x29e4a800, 0x2a550000)
 compacting perm gen  total 12288K, used 2557K [0x34550000, 0x35150000, 0x38550000)
   the space 12288K,  20% used [0x34550000, 0x347cf750, 0x347cf800, 0x35150000)
    ro space 10240K,  45% used [0x38550000, 0x389d9b28, 0x389d9c00, 0x38f50000)
    rw space 12288K,  54% used [0x38f50000, 0x395dd0e8, 0x395dd200, 0x39b50000)
GC Heap History (8 events):
Event: 0.472 GC heap before
{Heap before GC invocations=0 (full 0):
 def new generation   total 4928K, used 4416K [0x24550000, 0x24aa0000, 0x29aa0000)
  eden space 4416K, 100% used [0x24550000, 0x249a0000, 0x249a0000)
  from space 512K,   0% used [0x249a0000, 0x249a0000, 0x24a20000)
  to   space 512K,   0% used [0x24a20000, 0x24a20000, 0x24aa0000)
 tenured generation   total 10944K, used 0K [0x29aa0000, 0x2a550000, 0x34550000)
   the space 10944K,   0% used [0x29aa0000, 0x29aa0000, 0x29aa0200, 0x2a550000)
 compacting perm gen  total 12288K, used 921K [0x34550000, 0x35150000, 0x38550000)
   the space 12288K,   7% used [0x34550000, 0x34636590, 0x34636600, 0x35150000)
    ro space 10240K,  45% used [0x38550000, 0x389d9b28, 0x389d9c00, 0x38f50000)
    rw space 12288K,  54% used [0x38f50000, 0x395dd0e8, 0x395dd200, 0x39b50000)
Event: 0.475 GC heap after
Heap after GC invocations=1 (full 0):
 def new generation   total 4928K, used 512K [0x24550000, 0x24aa0000, 0x29aa0000)
  eden space 4416K,   0% used [0x24550000, 0x24550000, 0x249a0000)
  from space 512K, 100% used [0x24a20000, 0x24aa0000, 0x24aa0000)
  to   space 512K,   0% used [0x249a0000, 0x249a0000, 0x24a20000)
 tenured generation   total 10944K, used 390K [0x29aa0000, 0x2a550000, 0x34550000)
   the space 10944K,   3% used [0x29aa0000, 0x29b01b88, 0x29b01c00, 0x2a550000)
 compacting perm gen  total 12288K, used 921K [0x34550000, 0x35150000, 0x38550000)
   the space 12288K,   7% used [0x34550000, 0x34636590, 0x34636600, 0x35150000)
    ro space 10240K,  45% used [0x38550000, 0x389d9b28, 0x389d9c00, 0x38f50000)
    rw space 12288K,  54% used [0x38f50000, 0x395dd0e8, 0x395dd200, 0x39b50000)
}
Event: 0.820 GC heap before
{Heap before GC invocations=1 (full 0):
 def new generation   total 4928K, used 4928K [0x24550000, 0x24aa0000, 0x29aa0000)
  eden space 4416K, 100% used [0x24550000, 0x249a0000, 0x249a0000)
  from space 512K, 100% used [0x24a20000, 0x24aa0000, 0x24aa0000)
  to   space 512K,   0% used [0x249a0000, 0x249a0000, 0x24a20000)
 tenured generation   total 10944K, used 390K [0x29aa0000, 0x2a550000, 0x34550000)
   the space 10944K,   3% used [0x29aa0000, 0x29b01b88, 0x29b01c00, 0x2a550000)
 compacting perm gen  total 12288K, used 1587K [0x34550000, 0x35150000, 0x38550000)
   the space 12288K,  12% used [0x34550000, 0x346dcc00, 0x346dcc00, 0x35150000)
    ro space 10240K,  45% used [0x38550000, 0x389d9b28, 0x389d9c00, 0x38f50000)
    rw space 12288K,  54% used [0x38f50000, 0x395dd0e8, 0x395dd200, 0x39b50000)
Event: 0.824 GC heap after
Heap after GC invocations=2 (full 0):
 def new generation   total 4928K, used 512K [0x24550000, 0x24aa0000, 0x29aa0000)
  eden space 4416K,   0% used [0x24550000, 0x24550000, 0x249a0000)
  from space 512K, 100% used [0x249a0000, 0x24a20000, 0x24a20000)
  to   space 512K,   0% used [0x24a20000, 0x24a20000, 0x24aa0000)
 tenured generation   total 10944K, used 848K [0x29aa0000, 0x2a550000, 0x34550000)
   the space 10944K,   7% used [0x29aa0000, 0x29b743f8, 0x29b74400, 0x2a550000)
 compacting perm gen  total 12288K, used 1587K [0x34550000, 0x35150000, 0x38550000)
   the space 12288K,  12% used [0x34550000, 0x346dcc00, 0x346dcc00, 0x35150000)
    ro space 10240K,  45% used [0x38550000, 0x389d9b28, 0x389d9c00, 0x38f50000)
    rw space 12288K,  54% used [0x38f50000, 0x395dd0e8, 0x395dd200, 0x39b50000)
}
Event: 4.430 GC heap before
{Heap before GC invocations=2 (full 0):
 def new generation   total 4928K, used 4928K [0x24550000, 0x24aa0000, 0x29aa0000)
  eden space 4416K, 100% used [0x24550000, 0x249a0000, 0x249a0000)
  from space 512K, 100% used [0x249a0000, 0x24a20000, 0x24a20000)
  to   space 512K,   0% used [0x24a20000, 0x24a20000, 0x24aa0000)
 tenured generation   total 10944K, used 848K [0x29aa0000, 0x2a550000, 0x34550000)
   the space 10944K,   7% used [0x29aa0000, 0x29b743f8, 0x29b74400, 0x2a550000)
 compacting perm gen  total 12288K, used 2120K [0x34550000, 0x35150000, 0x38550000)
   the space 12288K,  17% used [0x34550000, 0x34762170, 0x34762200, 0x35150000)
    ro space 10240K,  45% used [0x38550000, 0x389d9b28, 0x389d9c00, 0x38f50000)
    rw space 12288K,  54% used [0x38f50000, 0x395dd0e8, 0x395dd200, 0x39b50000)
Event: 4.435 GC heap after
Heap after GC invocations=3 (full 0):
 def new generation   total 4928K, used 432K [0x24550000, 0x24aa0000, 0x29aa0000)
  eden space 4416K,   0% used [0x24550000, 0x24550000, 0x249a0000)
  from space 512K,  84% used [0x24a20000, 0x24a8c108, 0x24aa0000)
  to   space 512K,   0% used [0x249a0000, 0x249a0000, 0x24a20000)
 tenured generation   total 10944K, used 981K [0x29aa0000, 0x2a550000, 0x34550000)
   the space 10944K,   8% used [0x29aa0000, 0x29b95578, 0x29b95600, 0x2a550000)
 compacting perm gen  total 12288K, used 2120K [0x34550000, 0x35150000, 0x38550000)
   the space 12288K,  17% used [0x34550000, 0x34762170, 0x34762200, 0x35150000)
    ro space 10240K,  45% used [0x38550000, 0x389d9b28, 0x389d9c00, 0x38f50000)
    rw space 12288K,  54% used [0x38f50000, 0x395dd0e8, 0x395dd200, 0x39b50000)
}
Event: 49.328 GC heap before
{Heap before GC invocations=3 (full 0):
 def new generation   total 4928K, used 4658K [0x24550000, 0x24aa0000, 0x29aa0000)
  eden space 4416K,  95% used [0x24550000, 0x249707b0, 0x249a0000)
  from space 512K,  84% used [0x24a20000, 0x24a8c108, 0x24aa0000)
  to   space 512K,   0% used [0x249a0000, 0x249a0000, 0x24a20000)
 tenured generation   total 10944K, used 981K [0x29aa0000, 0x2a550000, 0x34550000)
   the space 10944K,   8% used [0x29aa0000, 0x29b95578, 0x29b95600, 0x2a550000)
 compacting perm gen  total 12288K, used 2557K [0x34550000, 0x35150000, 0x38550000)
   the space 12288K,  20% used [0x34550000, 0x347cf750, 0x347cf800, 0x35150000)
    ro space 10240K,  45% used [0x38550000, 0x389d9b28, 0x389d9c00, 0x38f50000)
    rw space 12288K,  54% used [0x38f50000, 0x395dd0e8, 0x395dd200, 0x39b50000)
Event: 49.335 GC heap after
Heap after GC invocations=4 (full 0):
 def new generation   total 4928K, used 512K [0x24550000, 0x24aa0000, 0x29aa0000)
  eden space 4416K,   0% used [0x24550000, 0x24550000, 0x249a0000)
  from space 512K, 100% used [0x249a0000, 0x24a20000, 0x24a20000)
  to   space 512K,   0% used [0x24a20000, 0x24a20000, 0x24aa0000)
 tenured generation   total 10944K, used 3753K [0x29aa0000, 0x2a550000, 0x34550000)
   the space 10944K,  34% used [0x29aa0000, 0x29e4a7e8, 0x29e4a800, 0x2a550000)
 compacting perm gen  total 12288K, used 2557K [0x34550000, 0x35150000, 0x38550000)
   the space 12288K,  20% used [0x34550000, 0x347cf750, 0x347cf800, 0x35150000)
    ro space 10240K,  45% used [0x38550000, 0x389d9b28, 0x389d9c00, 0x38f50000)
    rw space 12288K,  54% used [0x38f50000, 0x395dd0e8, 0x395dd200, 0x39b50000)
}

