# JRE version: 7.0_25-b17
# Java VM: Java HotSpot(TM) Client VM (23.25-b01 mixed mode, sharing windows-x86 )
Heap
 def new generation   total 4928K, used 3342K [0x24550000, 0x24aa0000, 0x29aa0000)
  eden space 4416K,  75% used [0x24550000, 0x24890810, 0x249a0000)
  from space 512K,   2% used [0x24a20000, 0x24a23330, 0x24aa0000)
  to   space 512K,   0% used [0x249a0000, 0x249a0000, 0x24a20000)
 tenured generation   total 10944K, used 2583K [0x29aa0000, 0x2a550000, 0x34550000)
   the space 10944K,  23% used [0x29aa0000, 0x29d25fe0, 0x29d26000, 0x2a550000)
 compacting perm gen  total 12288K, used 2588K [0x34550000, 0x35150000, 0x38550000)
   the space 12288K,  21% used [0x34550000, 0x347d7090, 0x347d7200, 0x35150000)
    ro space 10240K,  45% used [0x38550000, 0x389d9b28, 0x389d9c00, 0x38f50000)
    rw space 12288K,  54% used [0x38f50000, 0x395dd0e8, 0x395dd200, 0x39b50000)
GC Heap History (10 events):
Event: 19.262 GC heap before
{Heap before GC invocations=20 (full 0):
 def new generation   total 4928K, used 4430K [0x24550000, 0x24aa0000, 0x29aa0000)
  eden space 4416K, 100% used [0x24550000, 0x249a0000, 0x249a0000)
  from space 512K,   2% used [0x249a0000, 0x249a3a78, 0x24a20000)
  to   space 512K,   0% used [0x24a20000, 0x24a20000, 0x24aa0000)
 tenured generation   total 10944K, used 2583K [0x29aa0000, 0x2a550000, 0x34550000)
   the space 10944K,  23% used [0x29aa0000, 0x29d25f70, 0x29d26000, 0x2a550000)
 compacting perm gen  total 12288K, used 2586K [0x34550000, 0x35150000, 0x38550000)
   the space 12288K,  21% used [0x34550000, 0x347d6b40, 0x347d6c00, 0x35150000)
    ro space 10240K,  45% used [0x38550000, 0x389d9b28, 0x389d9c00, 0x38f50000)
    rw space 12288K,  54% used [0x38f50000, 0x395dd0e8, 0x395dd200, 0x39b50000)
Event: 19.263 GC heap after
Heap after GC invocations=21 (full 0):
 def new generation   total 4928K, used 13K [0x24550000, 0x24aa0000, 0x29aa0000)
  eden space 4416K,   0% used [0x24550000, 0x24550000, 0x249a0000)
  from space 512K,   2% used [0x24a20000, 0x24a23768, 0x24aa0000)
  to   space 512K,   0% used [0x249a0000, 0x249a0000, 0x24a20000)
 tenured generation   total 10944K, used 2583K [0x29aa0000, 0x2a550000, 0x34550000)
   the space 10944K,  23% used [0x29aa0000, 0x29d25f70, 0x29d26000, 0x2a550000)
 compacting perm gen  total 12288K, used 2586K [0x34550000, 0x35150000, 0x38550000)
   the space 12288K,  21% used [0x34550000, 0x347d6b40, 0x347d6c00, 0x35150000)
    ro space 10240K,  45% used [0x38550000, 0x389d9b28, 0x389d9c00, 0x38f50000)
    rw space 12288K,  54% used [0x38f50000, 0x395dd0e8, 0x395dd200, 0x39b50000)
}
Event: 19.337 GC heap before
{Heap before GC invocations=21 (full 0):
 def new generation   total 4928K, used 4429K [0x24550000, 0x24aa0000, 0x29aa0000)
  eden space 4416K, 100% used [0x24550000, 0x249a0000, 0x249a0000)
  from space 512K,   2% used [0x24a20000, 0x24a23768, 0x24aa0000)
  to   space 512K,   0% used [0x249a0000, 0x249a0000, 0x24a20000)
 tenured generation   total 10944K, used 2583K [0x29aa0000, 0x2a550000, 0x34550000)
   the space 10944K,  23% used [0x29aa0000, 0x29d25f70, 0x29d26000, 0x2a550000)
 compacting perm gen  total 12288K, used 2586K [0x34550000, 0x35150000, 0x38550000)
   the space 12288K,  21% used [0x34550000, 0x347d6b40, 0x347d6c00, 0x35150000)
    ro space 10240K,  45% used [0x38550000, 0x389d9b28, 0x389d9c00, 0x38f50000)
    rw space 12288K,  54% used [0x38f50000, 0x395dd0e8, 0x395dd200, 0x39b50000)
Event: 19.337 GC heap after
Heap after GC invocations=22 (full 0):
 def new generation   total 4928K, used 13K [0x24550000, 0x24aa0000, 0x29aa0000)
  eden space 4416K,   0% used [0x24550000, 0x24550000, 0x249a0000)
  from space 512K,   2% used [0x249a0000, 0x249a36d8, 0x24a20000)
  to   space 512K,   0% used [0x24a20000, 0x24a20000, 0x24aa0000)
 tenured generation   total 10944K, used 2583K [0x29aa0000, 0x2a550000, 0x34550000)
   the space 10944K,  23% used [0x29aa0000, 0x29d25fe0, 0x29d26000, 0x2a550000)
 compacting perm gen  total 12288K, used 2586K [0x34550000, 0x35150000, 0x38550000)
   the space 12288K,  21% used [0x34550000, 0x347d6b40, 0x347d6c00, 0x35150000)
    ro space 10240K,  45% used [0x38550000, 0x389d9b28, 0x389d9c00, 0x38f50000)
    rw space 12288K,  54% used [0x38f50000, 0x395dd0e8, 0x395dd200, 0x39b50000)
}
Event: 19.418 GC heap before
{Heap before GC invocations=22 (full 0):
 def new generation   total 4928K, used 4429K [0x24550000, 0x24aa0000, 0x29aa0000)
  eden space 4416K, 100% used [0x24550000, 0x249a0000, 0x249a0000)
  from space 512K,   2% used [0x249a0000, 0x249a36d8, 0x24a20000)
  to   space 512K,   0% used [0x24a20000, 0x24a20000, 0x24aa0000)
 tenured generation   total 10944K, used 2583K [0x29aa0000, 0x2a550000, 0x34550000)
   the space 10944K,  23% used [0x29aa0000, 0x29d25fe0, 0x29d26000, 0x2a550000)
 compacting perm gen  total 12288K, used 2586K [0x34550000, 0x35150000, 0x38550000)
   the space 12288K,  21% used [0x34550000, 0x347d6b40, 0x347d6c00, 0x35150000)
    ro space 10240K,  45% used [0x38550000, 0x389d9b28, 0x389d9c00, 0x38f50000)
    rw space 12288K,  54% used [0x38f50000, 0x395dd0e8, 0x395dd200, 0x39b50000)
Event: 19.419 GC heap after
Heap after GC invocations=23 (full 0):
 def new generation   total 4928K, used 14K [0x24550000, 0x24aa0000, 0x29aa0000)
  eden space 4416K,   0% used [0x24550000, 0x24550000, 0x249a0000)
  from space 512K,   2% used [0x24a20000, 0x24a238c8, 0x24aa0000)
  to   space 512K,   0% used [0x249a0000, 0x249a0000, 0x24a20000)
 tenured generation   total 10944K, used 2583K [0x29aa0000, 0x2a550000, 0x34550000)
   the space 10944K,  23% used [0x29aa0000, 0x29d25fe0, 0x29d26000, 0x2a550000)
 compacting perm gen  total 12288K, used 2586K [0x34550000, 0x35150000, 0x38550000)
   the space 12288K,  21% used [0x34550000, 0x347d6b40, 0x347d6c00, 0x35150000)
    ro space 10240K,  45% used [0x38550000, 0x389d9b28, 0x389d9c00, 0x38f50000)
    rw space 12288K,  54% used [0x38f50000, 0x395dd0e8, 0x395dd200, 0x39b50000)
}
Event: 19.497 GC heap before
{Heap before GC invocations=23 (full 0):
 def new generation   total 4928K, used 4430K [0x24550000, 0x24aa0000, 0x29aa0000)
  eden space 4416K, 100% used [0x24550000, 0x249a0000, 0x249a0000)
  from space 512K,   2% used [0x24a20000, 0x24a238c8, 0x24aa0000)
  to   space 512K,   0% used [0x249a0000, 0x249a0000, 0x24a20000)
 tenured generation   total 10944K, used 2583K [0x29aa0000, 0x2a550000, 0x34550000)
   the space 10944K,  23% used [0x29aa0000, 0x29d25fe0, 0x29d26000, 0x2a550000)
 compacting perm gen  total 12288K, used 2586K [0x34550000, 0x35150000, 0x38550000)
   the space 12288K,  21% used [0x34550000, 0x347d6b40, 0x347d6c00, 0x35150000)
    ro space 10240K,  45% used [0x38550000, 0x389d9b28, 0x389d9c00, 0x38f50000)
    rw space 12288K,  54% used [0x38f50000, 0x395dd0e8, 0x395dd200, 0x39b50000)
Event: 19.497 GC heap after
Heap after GC invocations=24 (full 0):
 def new generation   total 4928K, used 12K [0x24550000, 0x24aa0000, 0x29aa0000)
  eden space 4416K,   0% used [0x24550000, 0x24550000, 0x249a0000)
  from space 512K,   2% used [0x249a0000, 0x249a33b0, 0x24a20000)
  to   space 512K,   0% used [0x24a20000, 0x24a20000, 0x24aa0000)
 tenured generation   total 10944K, used 2583K [0x29aa0000, 0x2a550000, 0x34550000)
   the space 10944K,  23% used [0x29aa0000, 0x29d25fe0, 0x29d26000, 0x2a550000)
 compacting perm gen  total 12288K, used 2586K [0x34550000, 0x35150000, 0x38550000)
   the space 12288K,  21% used [0x34550000, 0x347d6b40, 0x347d6c00, 0x35150000)
    ro space 10240K,  45% used [0x38550000, 0x389d9b28, 0x389d9c00, 0x38f50000)
    rw space 12288K,  54% used [0x38f50000, 0x395dd0e8, 0x395dd200, 0x39b50000)
}
Event: 19.582 GC heap before
{Heap before GC invocations=24 (full 0):
 def new generation   total 4928K, used 4428K [0x24550000, 0x24aa0000, 0x29aa0000)
  eden space 4416K, 100% used [0x24550000, 0x249a0000, 0x249a0000)
  from space 512K,   2% used [0x249a0000, 0x249a33b0, 0x24a20000)
  to   space 512K,   0% used [0x24a20000, 0x24a20000, 0x24aa0000)
 tenured generation   total 10944K, used 2583K [0x29aa0000, 0x2a550000, 0x34550000)
   the space 10944K,  23% used [0x29aa0000, 0x29d25fe0, 0x29d26000, 0x2a550000)
 compacting perm gen  total 12288K, used 2586K [0x34550000, 0x35150000, 0x38550000)
   the space 12288K,  21% used [0x34550000, 0x347d6b40, 0x347d6c00, 0x35150000)
    ro space 10240K,  45% used [0x38550000, 0x389d9b28, 0x389d9c00, 0x38f50000)
    rw space 12288K,  54% used [0x38f50000, 0x395dd0e8, 0x395dd200, 0x39b50000)
Event: 19.582 GC heap after
Heap after GC invocations=25 (full 0):
 def new generation   total 4928K, used 12K [0x24550000, 0x24aa0000, 0x29aa0000)
  eden space 4416K,   0% used [0x24550000, 0x24550000, 0x249a0000)
  from space 512K,   2% used [0x24a20000, 0x24a23330, 0x24aa0000)
  to   space 512K,   0% used [0x249a0000, 0x249a0000, 0x24a20000)
 tenured generation   total 10944K, used 2583K [0x29aa0000, 0x2a550000, 0x34550000)
   the space 10944K,  23% used [0x29aa0000, 0x29d25fe0, 0x29d26000, 0x2a550000)
 compacting perm gen  total 12288K, used 2586K [0x34550000, 0x35150000, 0x38550000)
   the space 12288K,  21% used [0x34550000, 0x347d6b40, 0x347d6c00, 0x35150000)
    ro space 10240K,  45% used [0x38550000, 0x389d9b28, 0x389d9c00, 0x38f50000)
    rw space 12288K,  54% used [0x38f50000, 0x395dd0e8, 0x395dd200, 0x39b50000)
}

